<?xml version="1.0" encoding="UTF-8"?>
<!-- Generated by org.testng.reporters.JUnitReportReporter -->
<testsuite skipped="0" hostname="Apliteinfoamr" name="Test.GetQuote_Part7Test" tests="3" failures="0" timestamp="15 Mar 2018 10:48:05 GMT" time="1772.605" errors="0">
  <testcase name="GQ84" time="587.190" classname="Test.GetQuote_Part7Test"/>
  <testcase name="GQ85" time="530.459" classname="Test.GetQuote_Part7Test"/>
  <testcase name="GQ86" time="654.956" classname="Test.GetQuote_Part7Test"/>
</testsuite> <!-- Test.GetQuote_Part7Test -->
