<?xml version="1.0" encoding="UTF-8"?>
<!-- Generated by org.testng.reporters.JUnitReportReporter -->
<testsuite skipped="0" hostname="Apliteinfoamr" name="Test.GetQuote_Part16Test" tests="4" failures="0" timestamp="24 Mar 2018 07:42:19 GMT" time="1548.274" errors="0">
  <testcase name="GQ113" time="411.219" classname="Test.GetQuote_Part16Test"/>
  <testcase name="GQ114" time="380.420" classname="Test.GetQuote_Part16Test"/>
  <testcase name="GQ115" time="369.776" classname="Test.GetQuote_Part16Test"/>
  <testcase name="GQ116" time="386.859" classname="Test.GetQuote_Part16Test"/>
</testsuite> <!-- Test.GetQuote_Part16Test -->
