<?xml version="1.0" encoding="UTF-8"?>
<!-- Generated by org.testng.reporters.JUnitReportReporter -->
<testsuite skipped="0" hostname="Dell" name="Test.GetQuote_Part22Test" tests="2" failures="0" timestamp="01 Apr 2018 14:51:30 GMT" time="1007.874" errors="0">
  <testcase name="GQ123" time="179.448" classname="Test.GetQuote_Part22Test"/>
  <testcase name="GQ124" time="828.426" classname="Test.GetQuote_Part22Test"/>
</testsuite> <!-- Test.GetQuote_Part22Test -->
