<?xml version="1.0" encoding="UTF-8"?>
<!-- Generated by org.testng.reporters.JUnitReportReporter -->
<testsuite skipped="0" hostname="Apliteinfoamr" name="Test.MABTest2" tests="2" failures="0" timestamp="08 May 2018 11:45:02 GMT" time="1524.930" errors="0">
  <testcase name="f" time="1318.785" classname="Test.MABTest2"/>
  <testcase name="MAB12" time="206.145" classname="Test.MABTest2"/>
</testsuite> <!-- Test.MABTest2 -->
