<?xml version="1.0" encoding="UTF-8"?>
<!-- Generated by org.testng.reporters.JUnitReportReporter -->
<testsuite skipped="0" hostname="Dell" name="Test.GetQuote_Part3Test" tests="18" failures="0" timestamp="06 Mar 2018 13:46:32 GMT" time="1497.000" errors="0">
  <testcase name="GQ40" time="107.812" classname="Test.GetQuote_Part3Test"/>
  <testcase name="GQ43" time="77.929" classname="Test.GetQuote_Part3Test"/>
  <testcase name="GQ48" time="72.495" classname="Test.GetQuote_Part3Test"/>
  <testcase name="GQ53" time="75.966" classname="Test.GetQuote_Part3Test"/>
  <testcase name="GQ41" time="83.065" classname="Test.GetQuote_Part3Test"/>
  <testcase name="GQ44" time="95.107" classname="Test.GetQuote_Part3Test"/>
  <testcase name="GQ49" time="86.189" classname="Test.GetQuote_Part3Test"/>
  <testcase name="GQ54" time="91.741" classname="Test.GetQuote_Part3Test"/>
  <testcase name="GQ42" time="89.371" classname="Test.GetQuote_Part3Test"/>
  <testcase name="GQ45" time="84.108" classname="Test.GetQuote_Part3Test"/>
  <testcase name="GQ50" time="86.377" classname="Test.GetQuote_Part3Test"/>
  <testcase name="GQ55" time="84.896" classname="Test.GetQuote_Part3Test"/>
  <testcase name="GQ46" time="85.738" classname="Test.GetQuote_Part3Test"/>
  <testcase name="GQ51" time="75.536" classname="Test.GetQuote_Part3Test"/>
  <testcase name="GQ56" time="78.627" classname="Test.GetQuote_Part3Test"/>
  <testcase name="GQ47" time="70.469" classname="Test.GetQuote_Part3Test"/>
  <testcase name="GQ52" time="77.673" classname="Test.GetQuote_Part3Test"/>
  <testcase name="GQ57" time="73.901" classname="Test.GetQuote_Part3Test"/>
</testsuite> <!-- Test.GetQuote_Part3Test -->
