<?xml version="1.0" encoding="UTF-8"?>
<!-- Generated by org.testng.reporters.JUnitReportReporter -->
<testsuite skipped="0" hostname="Apliteinfoamr" name="Test.MABTest5" tests="1" failures="0" timestamp="17 May 2018 07:20:54 GMT" time="1343.626" errors="0">
  <testcase name="f" time="1343.626" classname="Test.MABTest5"/>
</testsuite> <!-- Test.MABTest5 -->
