<?xml version="1.0" encoding="UTF-8"?>
<!-- Generated by org.testng.reporters.JUnitReportReporter -->
<testsuite skipped="0" hostname="Apliteinfoamr" name="Test.GetQuote_Part4Test" tests="11" failures="0" timestamp="12 Mar 2018 09:50:36 GMT" time="1723.598" errors="0">
  <testcase name="GQ58" time="15.659" classname="Test.GetQuote_Part4Test"/>
  <testcase name="GQ59" time="165.882" classname="Test.GetQuote_Part4Test"/>
  <testcase name="GQ60" time="165.253" classname="Test.GetQuote_Part4Test"/>
  <testcase name="GQ61" time="197.869" classname="Test.GetQuote_Part4Test"/>
  <testcase name="GQ62" time="165.886" classname="Test.GetQuote_Part4Test"/>
  <testcase name="GQ63" time="163.036" classname="Test.GetQuote_Part4Test"/>
  <testcase name="GQ64" time="175.518" classname="Test.GetQuote_Part4Test"/>
  <testcase name="GQ65" time="166.435" classname="Test.GetQuote_Part4Test"/>
  <testcase name="GQ66" time="159.230" classname="Test.GetQuote_Part4Test"/>
  <testcase name="GQ67" time="173.049" classname="Test.GetQuote_Part4Test"/>
  <testcase name="GQ68" time="175.781" classname="Test.GetQuote_Part4Test"/>
</testsuite> <!-- Test.GetQuote_Part4Test -->
