<?xml version="1.0" encoding="UTF-8"?>
<!-- Generated by org.testng.reporters.JUnitReportReporter -->
<testsuite skipped="0" hostname="Apliteinfoamr" name="Test.GetQuote_Part9Test" tests="4" failures="0" timestamp="16 Mar 2018 10:44:18 GMT" time="1746.304" errors="0">
  <testcase name="GQ90" time="533.739" classname="Test.GetQuote_Part9Test"/>
  <testcase name="GQ91" time="422.075" classname="Test.GetQuote_Part9Test"/>
  <testcase name="GQ92" time="409.903" classname="Test.GetQuote_Part9Test"/>
  <testcase name="GQ93" time="380.587" classname="Test.GetQuote_Part9Test"/>
</testsuite> <!-- Test.GetQuote_Part9Test -->
