<?xml version="1.0" encoding="UTF-8"?>
<!-- Generated by org.testng.reporters.JUnitReportReporter -->
<testsuite skipped="0" hostname="Apliteinfoamr" name="Test.MABTest1" tests="1" failures="0" timestamp="08 May 2018 11:08:01 GMT" time="1350.078" errors="0">
  <testcase name="MAB21" time="1350.078" classname="Test.MABTest1"/>
</testsuite> <!-- Test.MABTest1 -->
