<?xml version="1.0" encoding="UTF-8"?>
<!-- Generated by org.testng.reporters.JUnitReportReporter -->
<testsuite skipped="0" hostname="Apliteinfoamr" name="Test.GetQuote_Part17Test" tests="4" failures="0" timestamp="24 Mar 2018 08:09:41 GMT" time="1421.973" errors="0">
  <testcase name="GQ109" time="345.015" classname="Test.GetQuote_Part17Test"/>
  <testcase name="GQ110" time="365.722" classname="Test.GetQuote_Part17Test"/>
  <testcase name="GQ111" time="374.265" classname="Test.GetQuote_Part17Test"/>
  <testcase name="GQ112" time="336.971" classname="Test.GetQuote_Part17Test"/>
</testsuite> <!-- Test.GetQuote_Part17Test -->
