<?xml version="1.0" encoding="UTF-8"?>
<!-- Generated by org.testng.reporters.JUnitReportReporter -->
<testsuite skipped="0" hostname="Apliteinfoamr" name="Test.ForgotPwd_test" tests="9" failures="0" timestamp="01 Mar 2018 12:20:22 GMT" time="158.860" errors="0">
  <testcase name="FP1" time="15.975" classname="Test.ForgotPwd_test"/>
  <testcase name="FP2" time="22.367" classname="Test.ForgotPwd_test"/>
  <testcase name="FP3" time="5.014" classname="Test.ForgotPwd_test"/>
  <testcase name="FP4" time="23.004" classname="Test.ForgotPwd_test"/>
  <testcase name="FP5" time="4.949" classname="Test.ForgotPwd_test"/>
  <testcase name="FP6" time="19.261" classname="Test.ForgotPwd_test"/>
  <testcase name="FP7" time="9.033" classname="Test.ForgotPwd_test"/>
  <testcase name="FP8" time="30.727" classname="Test.ForgotPwd_test"/>
  <testcase name="FP9" time="28.530" classname="Test.ForgotPwd_test"/>
</testsuite> <!-- Test.ForgotPwd_test -->
