<?xml version="1.0" encoding="UTF-8"?>
<!-- Generated by org.testng.reporters.JUnitReportReporter -->
<testsuite skipped="0" hostname="Apliteinfoamr" name="Test.MABTest3" tests="2" failures="0" timestamp="08 May 2018 12:22:57 GMT" time="1772.603" errors="0">
  <testcase name="MAB21" time="1267.483" classname="Test.MABTest3"/>
  <testcase name="MAB12" time="505.120" classname="Test.MABTest3"/>
</testsuite> <!-- Test.MABTest3 -->
