<?xml version="1.0" encoding="UTF-8"?>
<!-- Generated by org.testng.reporters.JUnitReportReporter -->
<testsuite skipped="0" hostname="Apliteinfoamr" name="Test.Registration_test" tests="9" failures="0" timestamp="01 Mar 2018 12:02:51 GMT" time="727.386" errors="0">
  <testcase name="R1" time="16.778" classname="Test.Registration_test"/>
  <testcase name="R2" time="162.103" classname="Test.Registration_test"/>
  <testcase name="R3" time="75.316" classname="Test.Registration_test"/>
  <testcase name="R4" time="210.130" classname="Test.Registration_test"/>
  <testcase name="R5" time="78.765" classname="Test.Registration_test"/>
  <testcase name="R6" time="26.692" classname="Test.Registration_test"/>
  <testcase name="R7" time="29.964" classname="Test.Registration_test"/>
  <testcase name="R8" time="17.560" classname="Test.Registration_test"/>
  <testcase name="R9" time="110.078" classname="Test.Registration_test"/>
</testsuite> <!-- Test.Registration_test -->
