<?xml version="1.0" encoding="UTF-8"?>
<!-- Generated by org.testng.reporters.JUnitReportReporter -->
<testsuite skipped="0" hostname="Apliteinfoamr" name="Test.GetQuote_Part10Test" tests="4" failures="0" timestamp="20 Mar 2018 09:33:57 GMT" time="1581.359" errors="0">
  <testcase name="GQ94" time="429.225" classname="Test.GetQuote_Part10Test"/>
  <testcase name="GQ95" time="373.622" classname="Test.GetQuote_Part10Test"/>
  <testcase name="GQ96" time="388.902" classname="Test.GetQuote_Part10Test"/>
  <testcase name="GQ97" time="389.610" classname="Test.GetQuote_Part10Test"/>
</testsuite> <!-- Test.GetQuote_Part10Test -->
