<?xml version="1.0" encoding="UTF-8"?>
<!-- Generated by org.testng.reporters.JUnitReportReporter -->
<testsuite skipped="0" hostname="Apliteinfoamr" name="Test.Login_test" tests="7" failures="0" timestamp="01 Mar 2018 10:48:23 GMT" time="151.578" errors="0">
  <testcase name="L1" time="35.041" classname="Test.Login_test"/>
  <testcase name="L4" time="18.048" classname="Test.Login_test"/>
  <testcase name="L5" time="19.786" classname="Test.Login_test"/>
  <testcase name="L2" time="18.259" classname="Test.Login_test"/>
  <testcase name="L3" time="20.007" classname="Test.Login_test"/>
  <testcase name="L6" time="23.373" classname="Test.Login_test"/>
  <testcase name="L7" time="17.064" classname="Test.Login_test"/>
</testsuite> <!-- Test.Login_test -->
