<?xml version="1.0" encoding="UTF-8"?>
<!-- Generated by org.testng.reporters.JUnitReportReporter -->
<testsuite skipped="0" hostname="Apliteinfoamr" name="Test.RoughNewTest_MAB" tests="5" failures="0" timestamp="30 Apr 2018 14:02:54 GMT" time="436.758" errors="0">
  <testcase name="f" time="13.591" classname="Test.RoughNewTest_MAB"/>
  <testcase name="f1" time="374.542" classname="Test.RoughNewTest_MAB"/>
  <testcase name="f2" time="12.713" classname="Test.RoughNewTest_MAB"/>
  <testcase name="f3" time="19.687" classname="Test.RoughNewTest_MAB"/>
  <testcase name="f4" time="16.225" classname="Test.RoughNewTest_MAB"/>
</testsuite> <!-- Test.RoughNewTest_MAB -->
