<?xml version="1.0" encoding="UTF-8"?>
<!-- Generated by org.testng.reporters.JUnitReportReporter -->
<testsuite skipped="0" hostname="Apliteinfoamr" name="Test.GetQuote_Part14Test" tests="4" failures="0" timestamp="20 Mar 2018 15:38:37 GMT" time="1559.182" errors="0">
  <testcase name="GQ105" time="433.010" classname="Test.GetQuote_Part14Test"/>
  <testcase name="GQ106" time="367.589" classname="Test.GetQuote_Part14Test"/>
  <testcase name="GQ107" time="374.928" classname="Test.GetQuote_Part14Test"/>
  <testcase name="GQ108" time="383.655" classname="Test.GetQuote_Part14Test"/>
</testsuite> <!-- Test.GetQuote_Part14Test -->
